2018-12-31 12:24:19,805 INFO home_controller - __init__: Home Controller started.
2018-12-31 12:24:19,805 INFO sql_controller - __init__: Created psql controller.
2018-12-31 12:24:19,805 INFO connection - connect_to_db: Connecting to the PostgreSQL database...
2018-12-31 12:24:20,855 INFO connection - connect_to_db: PostgreSQL database version:
2018-12-31 12:24:20,865 INFO connection - connect_to_db: ('PostgreSQL 10.6 (Ubuntu 10.6-0ubuntu0.18.04.1) on x86_64-pc-linux-gnu, compiled by gcc (Ubuntu 7.3.0-16ubuntu3) 7.3.0, 64-bit',)
2018-12-31 12:24:20,865 INFO day - __init__: Created instance day.
2018-12-31 12:24:20,865 INFO day - start: Starting counting time in day instance.
2018-12-31 12:24:20,865 INFO sql_controller - new_day: Get new day
2018-12-31 12:24:20,865 CRITICAL sql_controller - new_day: duplicate key value violates unique constraint "days_date_key"
DETAIL:  Key (date)=(2018-12-31) already exists.

2018-12-31 12:24:25,875 INFO home_controller - add_sensor: Create sensor SensorType.temperature_sensor.
2018-12-31 12:24:25,875 INFO home_controller - add_sensor: Create sensor SensorType.humidity_sensor.
2018-12-31 12:24:25,875 INFO home_controller - add_sensor: Create sensor SensorType.smoke_sensor.
2018-12-31 12:24:25,875 INFO home_controller - add_light_bulb: Create light bulb.
2018-12-31 12:24:25,875 INFO sql_controller - insert_into_light_bulbs: Try to insert new Light Bulb in room bathroom to table light_bulbs...
2018-12-31 12:24:25,875 INFO sql_controller - insert_into_light_bulbs: Insert Complete. New Light Bulb with lb_id: 4 added.
2018-12-31 12:24:25,875 INFO home_controller - add_power_socket: Create power socket with name Gniazdo1.
2018-12-31 12:24:25,875 INFO sql_controller - insert_into_power_sockets: Try to insert new Power Socket Gniazdo1 in room bathroom to table power_sockets...
2018-12-31 12:24:25,884 INFO sql_controller - insert_into_power_sockets: Insert Complete. New Power Socket with ps_is: 11 added.
2018-12-31 12:24:25,884 INFO home_controller - add_water_device: Create water device with name Pralka_KEK.
2018-12-31 12:24:25,884 INFO sql_controller - insert_into_water_devices: Try to insert new Water Device Pralka_KEK in room bathroom to table water_devices...
2018-12-31 12:24:25,884 INFO sql_controller - insert_into_water_devices: Insert Complete. New Water Device with wd_id: 26 added.
2018-12-31 12:24:25,884 WARNING home_controller - start_devises: Starting all devices.
2018-12-31 12:24:25,894 INFO devices - check_status_start: Light bulb started in room bathroom.
2018-12-31 12:24:25,894 INFO devices - check_status_start: Bulb Zarowka from room bathroom information: level of consumption: 99.99, power consumption: 3.
2018-12-31 12:24:25,894 INFO sql_controller - get_day_id: Try to select days
2018-12-31 12:24:25,894 INFO sql_controller - get_day_id: Select from days done: (20, '2018-12-31')
2018-12-31 12:24:25,894 INFO sql_controller - insert_into_light_bulb_status: Try to insert values: 99.99, 3 with params: lb_id: 4, d_id: 20.
2018-12-31 12:24:25,894 INFO sql_controller - insert_into_light_bulb_status: Insert complete for lb_id: 4.
2018-12-31 12:24:26,905 INFO devices - check_status_start: Power socket Gniazdo1 started.
2018-12-31 12:24:26,905 INFO devices - check_status_start: Gniazdo1 used 4 power
2018-12-31 12:24:26,905 INFO sql_controller - get_day_id: Try to select days
2018-12-31 12:24:26,905 INFO sql_controller - get_day_id: Select from days done: (20, '2018-12-31')
2018-12-31 12:24:26,905 INFO sql_controller - insert_into_power_consumption: Try to insert value 4 with params: ps_id: 11, d_id: 20.
2018-12-31 12:24:26,905 INFO sql_controller - insert_into_power_consumption: Insert complete for ps_id: 11
2018-12-31 12:24:27,914 INFO devices - check_status_start: Water device Pralka_KEK started.
2018-12-31 12:24:27,915 INFO devices - check_status_start: Pralka_KEK used 9 water
2018-12-31 12:24:27,915 INFO sql_controller - get_day_id: Try to select days
2018-12-31 12:24:27,917 INFO sql_controller - get_day_id: Select from days done: (20, '2018-12-31')
2018-12-31 12:24:27,917 INFO sql_controller - insert_into_water_consumption: Try to insert value 9 with params: wd_id: 26 d_id: 20...
2018-12-31 12:24:27,924 INFO sql_controller - insert_into_water_consumption: Insert complete for wd_id: 26.
2018-12-31 12:24:28,926 WARNING home_controller - start_sensors: Starting all sensors.
2018-12-31 12:24:28,926 INFO sensors - start_sensor: Current temperature 20.0365543192 in room bathroom.
2018-12-31 12:24:28,926 INFO sql_controller - get_day_id: Try to select days
2018-12-31 12:24:28,926 INFO sql_controller - get_day_id: Select from days done: (20, '2018-12-31')
2018-12-31 12:24:28,926 INFO sql_controller - insert_into_sensor_table: Try to insert value: 20.0365543192 from sensor: temperature_sensor in room: bathroom...
2018-12-31 12:24:28,926 INFO sql_controller - insert_into_sensor_table: Insert complete for sensor temperature_sensor
2018-12-31 12:24:29,946 INFO sensors - start_sensor: Current humidity 69.9539537332 in room bathroom.
2018-12-31 12:24:29,946 INFO sql_controller - get_day_id: Try to select days
2018-12-31 12:24:29,947 INFO sql_controller - get_day_id: Select from days done: (20, '2018-12-31')
2018-12-31 12:24:29,947 INFO sql_controller - insert_into_sensor_table: Try to insert value: 69.9539537332 from sensor: humidity_sensor in room: bathroom...
2018-12-31 12:24:29,951 INFO sql_controller - insert_into_sensor_table: Insert complete for sensor humidity_sensor
2018-12-31 12:24:30,954 INFO sensors - start_sensor: Current smoke level 0.784896865093 in room bathroom.
2018-12-31 12:24:30,954 INFO sql_controller - get_day_id: Try to select days
2018-12-31 12:24:30,954 INFO sql_controller - get_day_id: Select from days done: (20, '2018-12-31')
2018-12-31 12:24:30,954 INFO sql_controller - insert_into_sensor_table: Try to insert value: 0.784896865093 from sensor: smoke_sensor in room: bathroom...
2018-12-31 12:24:30,954 INFO sql_controller - insert_into_sensor_table: Insert complete for sensor smoke_sensor
2018-12-31 12:24:58,934 INFO sensors - start_sensor: Current temperature 14.2458137471 in room bathroom.
2018-12-31 12:24:58,934 INFO sql_controller - get_day_id: Try to select days
2018-12-31 12:24:58,934 INFO sql_controller - get_day_id: Select from days done: (20, '2018-12-31')
2018-12-31 12:24:58,937 INFO sql_controller - insert_into_sensor_table: Try to insert value: 14.2458137471 from sensor: temperature_sensor in room: bathroom...
2018-12-31 12:24:58,943 INFO sql_controller - insert_into_sensor_table: Insert complete for sensor temperature_sensor
2018-12-31 12:24:59,954 INFO sensors - start_sensor: Current humidity 51.5954617834 in room bathroom.
2018-12-31 12:24:59,954 INFO sql_controller - get_day_id: Try to select days
2018-12-31 12:24:59,954 INFO sql_controller - get_day_id: Select from days done: (20, '2018-12-31')
2018-12-31 12:24:59,954 INFO sql_controller - insert_into_sensor_table: Try to insert value: 51.5954617834 from sensor: humidity_sensor in room: bathroom...
2018-12-31 12:24:59,954 INFO sql_controller - insert_into_sensor_table: Insert complete for sensor humidity_sensor
2018-12-31 12:25:00,964 INFO sensors - start_sensor: Current smoke level 0.628680417807 in room bathroom.
2018-12-31 12:25:00,964 INFO sql_controller - get_day_id: Try to select days
2018-12-31 12:25:00,966 INFO sql_controller - get_day_id: Select from days done: (20, '2018-12-31')
2018-12-31 12:25:00,967 INFO sql_controller - insert_into_sensor_table: Try to insert value: 0.628680417807 from sensor: smoke_sensor in room: bathroom...
2018-12-31 12:25:00,971 INFO sql_controller - insert_into_sensor_table: Insert complete for sensor smoke_sensor
2018-12-31 12:25:25,901 INFO devices - check_status_start: Bulb Zarowka from room bathroom information: level of consumption: 99.98, power consumption: 5.
2018-12-31 12:25:25,901 INFO sql_controller - get_day_id: Try to select days
2018-12-31 12:25:25,903 INFO sql_controller - get_day_id: Select from days done: (20, '2018-12-31')
2018-12-31 12:25:25,903 INFO sql_controller - insert_into_light_bulb_status: Try to insert values: 99.98, 5 with params: lb_id: 4, d_id: 20.
2018-12-31 12:25:25,907 INFO sql_controller - insert_into_light_bulb_status: Insert complete for lb_id: 4.
2018-12-31 12:25:26,934 INFO devices - check_status_start: Gniazdo1 used 5 power
2018-12-31 12:25:26,934 INFO sql_controller - get_day_id: Try to select days
2018-12-31 12:25:26,934 INFO sql_controller - get_day_id: Select from days done: (20, '2018-12-31')
2018-12-31 12:25:26,937 INFO sql_controller - insert_into_power_consumption: Try to insert value 5 with params: ps_id: 11, d_id: 20.
2018-12-31 12:25:26,938 INFO sql_controller - insert_into_power_consumption: Insert complete for ps_id: 11
2018-12-31 12:25:27,924 INFO devices - check_status_start: Pralka_KEK used 9 water
2018-12-31 12:25:27,924 INFO sql_controller - get_day_id: Try to select days
2018-12-31 12:25:27,926 INFO sql_controller - get_day_id: Select from days done: (20, '2018-12-31')
2018-12-31 12:25:27,926 INFO sql_controller - insert_into_water_consumption: Try to insert value 9 with params: wd_id: 26 d_id: 20...
2018-12-31 12:25:27,931 INFO sql_controller - insert_into_water_consumption: Insert complete for wd_id: 26.
2018-12-31 12:25:28,943 INFO sensors - start_sensor: Current temperature 21.4787034533 in room bathroom.
2018-12-31 12:25:28,943 INFO sql_controller - get_day_id: Try to select days
2018-12-31 12:25:28,944 INFO sql_controller - get_day_id: Select from days done: (20, '2018-12-31')
2018-12-31 12:25:28,944 INFO sql_controller - insert_into_sensor_table: Try to insert value: 21.4787034533 from sensor: temperature_sensor in room: bathroom...
2018-12-31 12:25:28,950 INFO sql_controller - insert_into_sensor_table: Insert complete for sensor temperature_sensor
2018-12-31 12:25:29,960 INFO sensors - start_sensor: Current humidity 63.2667390696 in room bathroom.
2018-12-31 12:25:29,960 INFO sql_controller - get_day_id: Try to select days
2018-12-31 12:25:29,963 INFO sql_controller - get_day_id: Select from days done: (20, '2018-12-31')
2018-12-31 12:25:29,963 INFO sql_controller - insert_into_sensor_table: Try to insert value: 63.2667390696 from sensor: humidity_sensor in room: bathroom...
2018-12-31 12:25:29,967 INFO sql_controller - insert_into_sensor_table: Insert complete for sensor humidity_sensor
2018-12-31 12:25:30,973 INFO sensors - start_sensor: Current smoke level 1.46140379304 in room bathroom.
2018-12-31 12:25:30,973 INFO sql_controller - get_day_id: Try to select days
2018-12-31 12:25:30,974 INFO sql_controller - get_day_id: Select from days done: (20, '2018-12-31')
2018-12-31 12:25:30,974 INFO sql_controller - insert_into_sensor_table: Try to insert value: 1.46140379304 from sensor: smoke_sensor in room: bathroom...
2018-12-31 12:25:30,976 INFO sql_controller - insert_into_sensor_table: Insert complete for sensor smoke_sensor
2018-12-31 12:25:58,950 INFO sensors - start_sensor: Current temperature 22.6888493433 in room bathroom.
2018-12-31 12:25:58,950 INFO sql_controller - get_day_id: Try to select days
2018-12-31 12:25:58,950 INFO sql_controller - get_day_id: Select from days done: (20, '2018-12-31')
2018-12-31 12:25:58,951 INFO sql_controller - insert_into_sensor_table: Try to insert value: 22.6888493433 from sensor: temperature_sensor in room: bathroom...
2018-12-31 12:25:58,954 INFO sql_controller - insert_into_sensor_table: Insert complete for sensor temperature_sensor
2018-12-31 12:25:59,969 INFO sensors - start_sensor: Current humidity 49.2433663799 in room bathroom.
2018-12-31 12:25:59,969 INFO sql_controller - get_day_id: Try to select days
2018-12-31 12:25:59,970 INFO sql_controller - get_day_id: Select from days done: (20, '2018-12-31')
2018-12-31 12:25:59,970 INFO sql_controller - insert_into_sensor_table: Try to insert value: 49.2433663799 from sensor: humidity_sensor in room: bathroom...
2018-12-31 12:25:59,973 INFO sql_controller - insert_into_sensor_table: Insert complete for sensor humidity_sensor
2018-12-31 12:26:00,977 INFO sensors - start_sensor: Current smoke level 0.852564078752 in room bathroom.
2018-12-31 12:26:00,977 INFO sql_controller - get_day_id: Try to select days
2018-12-31 12:26:00,979 INFO sql_controller - get_day_id: Select from days done: (20, '2018-12-31')
2018-12-31 12:26:00,979 INFO sql_controller - insert_into_sensor_table: Try to insert value: 0.852564078752 from sensor: smoke_sensor in room: bathroom...
2018-12-31 12:26:00,982 INFO sql_controller - insert_into_sensor_table: Insert complete for sensor smoke_sensor
2018-12-31 12:26:25,914 INFO devices - check_status_start: Bulb Zarowka from room bathroom information: level of consumption: 99.97, power consumption: 5.
2018-12-31 12:26:25,914 INFO sql_controller - get_day_id: Try to select days
2018-12-31 12:26:25,915 INFO sql_controller - get_day_id: Select from days done: (20, '2018-12-31')
2018-12-31 12:26:25,915 INFO sql_controller - insert_into_light_bulb_status: Try to insert values: 99.97, 5 with params: lb_id: 4, d_id: 20.
2018-12-31 12:26:25,915 INFO sql_controller - insert_into_light_bulb_status: Insert complete for lb_id: 4.
2018-12-31 12:26:26,953 INFO devices - check_status_start: Gniazdo1 used 7 power
2018-12-31 12:26:26,953 INFO sql_controller - get_day_id: Try to select days
2018-12-31 12:26:26,953 INFO sql_controller - get_day_id: Select from days done: (20, '2018-12-31')
2018-12-31 12:26:26,953 INFO sql_controller - insert_into_power_consumption: Try to insert value 7 with params: ps_id: 11, d_id: 20.
2018-12-31 12:26:26,953 INFO sql_controller - insert_into_power_consumption: Insert complete for ps_id: 11
2018-12-31 12:26:27,934 INFO devices - check_status_start: Pralka_KEK used 5 water
2018-12-31 12:26:27,934 INFO sql_controller - get_day_id: Try to select days
2018-12-31 12:26:27,934 INFO sql_controller - get_day_id: Select from days done: (20, '2018-12-31')
2018-12-31 12:26:27,934 INFO sql_controller - insert_into_water_consumption: Try to insert value 5 with params: wd_id: 26 d_id: 20...
2018-12-31 12:26:27,934 INFO sql_controller - insert_into_water_consumption: Insert complete for wd_id: 26.
2018-12-31 12:26:28,974 INFO sensors - start_sensor: Current temperature 22.2863968045 in room bathroom.
2018-12-31 12:26:28,974 INFO sql_controller - get_day_id: Try to select days
2018-12-31 12:26:28,974 INFO sql_controller - get_day_id: Select from days done: (20, '2018-12-31')
2018-12-31 12:26:28,974 INFO sql_controller - insert_into_sensor_table: Try to insert value: 22.2863968045 from sensor: temperature_sensor in room: bathroom...
2018-12-31 12:26:28,974 INFO sql_controller - insert_into_sensor_table: Insert complete for sensor temperature_sensor
2018-12-31 12:26:29,973 INFO sensors - start_sensor: Current humidity 75.5454400141 in room bathroom.
2018-12-31 12:26:29,973 INFO sql_controller - get_day_id: Try to select days
2018-12-31 12:26:29,974 INFO sql_controller - get_day_id: Select from days done: (20, '2018-12-31')
2018-12-31 12:26:29,974 INFO sql_controller - insert_into_sensor_table: Try to insert value: 75.5454400141 from sensor: humidity_sensor in room: bathroom...
2018-12-31 12:26:29,979 INFO sql_controller - insert_into_sensor_table: Insert complete for sensor humidity_sensor
2018-12-31 12:26:30,983 INFO sensors - start_sensor: Current smoke level 1.26013157821 in room bathroom.
2018-12-31 12:26:30,983 INFO sql_controller - get_day_id: Try to select days
2018-12-31 12:26:30,983 INFO sql_controller - get_day_id: Select from days done: (20, '2018-12-31')
2018-12-31 12:26:30,984 INFO sql_controller - insert_into_sensor_table: Try to insert value: 1.26013157821 from sensor: smoke_sensor in room: bathroom...
2018-12-31 12:26:30,986 INFO sql_controller - insert_into_sensor_table: Insert complete for sensor smoke_sensor
2018-12-31 12:26:58,994 INFO sensors - start_sensor: Current temperature 21.7317811764 in room bathroom.
2018-12-31 12:26:58,994 INFO sql_controller - get_day_id: Try to select days
2018-12-31 12:26:58,996 INFO sql_controller - get_day_id: Select from days done: (20, '2018-12-31')
2018-12-31 12:26:58,996 INFO sql_controller - insert_into_sensor_table: Try to insert value: 21.7317811764 from sensor: temperature_sensor in room: bathroom...
2018-12-31 12:26:58,997 INFO sql_controller - insert_into_sensor_table: Insert complete for sensor temperature_sensor
2018-12-31 12:26:59,984 INFO sensors - start_sensor: Current humidity 63.888002814 in room bathroom.
2018-12-31 12:26:59,984 INFO sql_controller - get_day_id: Try to select days
2018-12-31 12:26:59,984 INFO sql_controller - get_day_id: Select from days done: (20, '2018-12-31')
2018-12-31 12:26:59,984 INFO sql_controller - insert_into_sensor_table: Try to insert value: 63.888002814 from sensor: humidity_sensor in room: bathroom...
2018-12-31 12:26:59,984 INFO sql_controller - insert_into_sensor_table: Insert complete for sensor humidity_sensor
2018-12-31 12:27:00,994 INFO sensors - start_sensor: Current smoke level 0.83613925223 in room bathroom.
2018-12-31 12:27:00,994 INFO sql_controller - get_day_id: Try to select days
2018-12-31 12:27:00,994 INFO sql_controller - get_day_id: Select from days done: (20, '2018-12-31')
2018-12-31 12:27:00,996 INFO sql_controller - insert_into_sensor_table: Try to insert value: 0.83613925223 from sensor: smoke_sensor in room: bathroom...
2018-12-31 12:27:00,996 INFO sql_controller - insert_into_sensor_table: Insert complete for sensor smoke_sensor
2018-12-31 12:27:25,921 INFO devices - check_status_start: Bulb Zarowka from room bathroom information: level of consumption: 99.96, power consumption: 4.
2018-12-31 12:27:25,921 INFO sql_controller - get_day_id: Try to select days
2018-12-31 12:27:25,921 INFO sql_controller - get_day_id: Select from days done: (20, '2018-12-31')
2018-12-31 12:27:25,921 INFO sql_controller - insert_into_light_bulb_status: Try to insert values: 99.96, 4 with params: lb_id: 4, d_id: 20.
2018-12-31 12:27:25,926 INFO sql_controller - insert_into_light_bulb_status: Insert complete for lb_id: 4.
2018-12-31 12:27:26,960 INFO devices - check_status_start: Gniazdo1 used 6 power
2018-12-31 12:27:26,960 INFO sql_controller - get_day_id: Try to select days
2018-12-31 12:27:26,960 INFO sql_controller - get_day_id: Select from days done: (20, '2018-12-31')
2018-12-31 12:27:26,960 INFO sql_controller - insert_into_power_consumption: Try to insert value 6 with params: ps_id: 11, d_id: 20.
2018-12-31 12:27:26,964 INFO sql_controller - insert_into_power_consumption: Insert complete for ps_id: 11
2018-12-31 12:27:27,940 INFO devices - check_status_start: Pralka_KEK used 10 water
2018-12-31 12:27:27,940 INFO sql_controller - get_day_id: Try to select days
2018-12-31 12:27:27,941 INFO sql_controller - get_day_id: Select from days done: (20, '2018-12-31')
2018-12-31 12:27:27,941 INFO sql_controller - insert_into_water_consumption: Try to insert value 10 with params: wd_id: 26 d_id: 20...
2018-12-31 12:27:27,947 INFO sql_controller - insert_into_water_consumption: Insert complete for wd_id: 26.
2018-12-31 12:27:29,003 INFO sensors - start_sensor: Current temperature 15.9147356206 in room bathroom.
2018-12-31 12:27:29,003 INFO sql_controller - get_day_id: Try to select days
2018-12-31 12:27:29,003 INFO sql_controller - get_day_id: Select from days done: (20, '2018-12-31')
2018-12-31 12:27:29,003 INFO sql_controller - insert_into_sensor_table: Try to insert value: 15.9147356206 from sensor: temperature_sensor in room: bathroom...
2018-12-31 12:27:29,007 INFO sql_controller - insert_into_sensor_table: Insert complete for sensor temperature_sensor
2018-12-31 12:27:29,990 INFO sensors - start_sensor: Current humidity 68.2331768175 in room bathroom.
2018-12-31 12:27:29,990 INFO sql_controller - get_day_id: Try to select days
2018-12-31 12:27:29,992 INFO sql_controller - get_day_id: Select from days done: (20, '2018-12-31')
2018-12-31 12:27:29,992 INFO sql_controller - insert_into_sensor_table: Try to insert value: 68.2331768175 from sensor: humidity_sensor in room: bathroom...
2018-12-31 12:27:29,996 INFO sql_controller - insert_into_sensor_table: Insert complete for sensor humidity_sensor
2018-12-31 12:27:31,000 INFO sensors - start_sensor: Current smoke level 0.81140965022 in room bathroom.
2018-12-31 12:27:31,000 INFO sql_controller - get_day_id: Try to select days
2018-12-31 12:27:31,000 INFO sql_controller - get_day_id: Select from days done: (20, '2018-12-31')
2018-12-31 12:27:31,000 INFO sql_controller - insert_into_sensor_table: Try to insert value: 0.81140965022 from sensor: smoke_sensor in room: bathroom...
2018-12-31 12:27:31,005 INFO sql_controller - insert_into_sensor_table: Insert complete for sensor smoke_sensor
2018-12-31 12:27:59,009 INFO sensors - start_sensor: Current temperature 18.753445934 in room bathroom.
2018-12-31 12:27:59,009 INFO sql_controller - get_day_id: Try to select days
2018-12-31 12:27:59,009 INFO sql_controller - get_day_id: Select from days done: (20, '2018-12-31')
2018-12-31 12:27:59,009 INFO sql_controller - insert_into_sensor_table: Try to insert value: 18.753445934 from sensor: temperature_sensor in room: bathroom...
2018-12-31 12:27:59,013 INFO sql_controller - insert_into_sensor_table: Insert complete for sensor temperature_sensor
2018-12-31 12:27:59,997 INFO sensors - start_sensor: Current humidity 53.3625709404 in room bathroom.
2018-12-31 12:27:59,997 INFO sql_controller - get_day_id: Try to select days
2018-12-31 12:27:59,999 INFO sql_controller - get_day_id: Select from days done: (20, '2018-12-31')
2018-12-31 12:27:59,999 INFO sql_controller - insert_into_sensor_table: Try to insert value: 53.3625709404 from sensor: humidity_sensor in room: bathroom...
2018-12-31 12:28:00,006 INFO sql_controller - insert_into_sensor_table: Insert complete for sensor humidity_sensor
2018-12-31 12:28:01,006 INFO sensors - start_sensor: Current smoke level 0.780514329054 in room bathroom.
2018-12-31 12:28:01,006 INFO sql_controller - get_day_id: Try to select days
2018-12-31 12:28:01,006 INFO sql_controller - get_day_id: Select from days done: (20, '2018-12-31')
2018-12-31 12:28:01,006 INFO sql_controller - insert_into_sensor_table: Try to insert value: 0.780514329054 from sensor: smoke_sensor in room: bathroom...
2018-12-31 12:28:01,013 INFO sql_controller - insert_into_sensor_table: Insert complete for sensor smoke_sensor
2018-12-31 12:28:25,927 INFO devices - check_status_start: Bulb Zarowka from room bathroom information: level of consumption: 99.95, power consumption: 4.
2018-12-31 12:28:25,927 INFO sql_controller - get_day_id: Try to select days
2018-12-31 12:28:25,928 INFO sql_controller - get_day_id: Select from days done: (20, '2018-12-31')
2018-12-31 12:28:25,930 INFO sql_controller - insert_into_light_bulb_status: Try to insert values: 99.95, 4 with params: lb_id: 4, d_id: 20.
2018-12-31 12:28:25,933 INFO sql_controller - insert_into_light_bulb_status: Insert complete for lb_id: 4.
2018-12-31 12:28:26,966 INFO devices - check_status_start: Gniazdo1 used 6 power
2018-12-31 12:28:26,966 INFO sql_controller - get_day_id: Try to select days
2018-12-31 12:28:26,967 INFO sql_controller - get_day_id: Select from days done: (20, '2018-12-31')
2018-12-31 12:28:26,967 INFO sql_controller - insert_into_power_consumption: Try to insert value 6 with params: ps_id: 11, d_id: 20.
2018-12-31 12:28:26,970 INFO sql_controller - insert_into_power_consumption: Insert complete for ps_id: 11
2018-12-31 12:28:27,947 INFO devices - check_status_start: Pralka_KEK used 6 water
2018-12-31 12:28:27,947 INFO sql_controller - get_day_id: Try to select days
2018-12-31 12:28:27,948 INFO sql_controller - get_day_id: Select from days done: (20, '2018-12-31')
2018-12-31 12:28:27,948 INFO sql_controller - insert_into_water_consumption: Try to insert value 6 with params: wd_id: 26 d_id: 20...
2018-12-31 12:28:27,954 INFO sql_controller - insert_into_water_consumption: Insert complete for wd_id: 26.
2018-12-31 12:28:29,015 INFO sensors - start_sensor: Current temperature 16.1216775787 in room bathroom.
2018-12-31 12:28:29,015 INFO sql_controller - get_day_id: Try to select days
2018-12-31 12:28:29,016 INFO sql_controller - get_day_id: Select from days done: (20, '2018-12-31')
2018-12-31 12:28:29,016 INFO sql_controller - insert_into_sensor_table: Try to insert value: 16.1216775787 from sensor: temperature_sensor in room: bathroom...
2018-12-31 12:28:29,022 INFO sql_controller - insert_into_sensor_table: Insert complete for sensor temperature_sensor
2018-12-31 12:28:30,006 INFO sensors - start_sensor: Current humidity 51.9708607889 in room bathroom.
2018-12-31 12:28:30,006 INFO sql_controller - get_day_id: Try to select days
2018-12-31 12:28:30,007 INFO sql_controller - get_day_id: Select from days done: (20, '2018-12-31')
2018-12-31 12:28:30,007 INFO sql_controller - insert_into_sensor_table: Try to insert value: 51.9708607889 from sensor: humidity_sensor in room: bathroom...
2018-12-31 12:28:30,013 INFO sql_controller - insert_into_sensor_table: Insert complete for sensor humidity_sensor
2018-12-31 12:28:31,013 INFO sensors - start_sensor: Current smoke level 0.984902485189 in room bathroom.
2018-12-31 12:28:31,013 INFO sql_controller - get_day_id: Try to select days
2018-12-31 12:28:31,015 INFO sql_controller - get_day_id: Select from days done: (20, '2018-12-31')
2018-12-31 12:28:31,015 INFO sql_controller - insert_into_sensor_table: Try to insert value: 0.984902485189 from sensor: smoke_sensor in room: bathroom...
2018-12-31 12:28:31,017 INFO sql_controller - insert_into_sensor_table: Insert complete for sensor smoke_sensor
2018-12-31 12:28:59,022 INFO sensors - start_sensor: Current temperature 21.5441744797 in room bathroom.
2018-12-31 12:28:59,022 INFO sql_controller - get_day_id: Try to select days
2018-12-31 12:28:59,023 INFO sql_controller - get_day_id: Select from days done: (20, '2018-12-31')
2018-12-31 12:28:59,023 INFO sql_controller - insert_into_sensor_table: Try to insert value: 21.5441744797 from sensor: temperature_sensor in room: bathroom...
2018-12-31 12:28:59,026 INFO sql_controller - insert_into_sensor_table: Insert complete for sensor temperature_sensor
2018-12-31 12:29:00,015 INFO sensors - start_sensor: Current humidity 73.8018325474 in room bathroom.
2018-12-31 12:29:00,015 INFO sql_controller - get_day_id: Try to select days
2018-12-31 12:29:00,016 INFO sql_controller - get_day_id: Select from days done: (20, '2018-12-31')
2018-12-31 12:29:00,016 INFO sql_controller - insert_into_sensor_table: Try to insert value: 73.8018325474 from sensor: humidity_sensor in room: bathroom...
2018-12-31 12:29:00,019 INFO sql_controller - insert_into_sensor_table: Insert complete for sensor humidity_sensor
2018-12-31 12:29:01,019 INFO sensors - start_sensor: Current smoke level 0.992929947255 in room bathroom.
2018-12-31 12:29:01,020 INFO sql_controller - get_day_id: Try to select days
2018-12-31 12:29:01,023 INFO sql_controller - get_day_id: Select from days done: (20, '2018-12-31')
2018-12-31 12:29:01,025 INFO sql_controller - insert_into_sensor_table: Try to insert value: 0.992929947255 from sensor: smoke_sensor in room: bathroom...
2018-12-31 12:29:01,028 INFO sql_controller - insert_into_sensor_table: Insert complete for sensor smoke_sensor
2018-12-31 12:29:25,936 INFO devices - check_status_start: Bulb Zarowka from room bathroom information: level of consumption: 99.94, power consumption: 4.
2018-12-31 12:29:25,936 INFO sql_controller - get_day_id: Try to select days
2018-12-31 12:29:25,936 INFO sql_controller - get_day_id: Select from days done: (20, '2018-12-31')
2018-12-31 12:29:25,936 INFO sql_controller - insert_into_light_bulb_status: Try to insert values: 99.94, 4 with params: lb_id: 4, d_id: 20.
2018-12-31 12:29:25,936 INFO sql_controller - insert_into_light_bulb_status: Insert complete for lb_id: 4.
2018-12-31 12:29:26,986 INFO devices - check_status_start: Gniazdo1 used 4 power
2018-12-31 12:29:26,986 INFO sql_controller - get_day_id: Try to select days
2018-12-31 12:29:26,987 INFO sql_controller - get_day_id: Select from days done: (20, '2018-12-31')
2018-12-31 12:29:26,989 INFO sql_controller - insert_into_power_consumption: Try to insert value 4 with params: ps_id: 11, d_id: 20.
2018-12-31 12:29:26,993 INFO sql_controller - insert_into_power_consumption: Insert complete for ps_id: 11
2018-12-31 12:29:27,956 INFO devices - check_status_start: Pralka_KEK used 5 water
2018-12-31 12:29:27,956 INFO sql_controller - get_day_id: Try to select days
2018-12-31 12:29:27,956 INFO sql_controller - get_day_id: Select from days done: (20, '2018-12-31')
2018-12-31 12:29:27,957 INFO sql_controller - insert_into_water_consumption: Try to insert value 5 with params: wd_id: 26 d_id: 20...
2018-12-31 12:29:27,961 INFO sql_controller - insert_into_water_consumption: Insert complete for wd_id: 26.
2018-12-31 12:29:29,029 INFO sensors - start_sensor: Current temperature 19.9783163502 in room bathroom.
2018-12-31 12:29:29,029 INFO sql_controller - get_day_id: Try to select days
2018-12-31 12:29:29,029 INFO sql_controller - get_day_id: Select from days done: (20, '2018-12-31')
2018-12-31 12:29:29,029 INFO sql_controller - insert_into_sensor_table: Try to insert value: 19.9783163502 from sensor: temperature_sensor in room: bathroom...
2018-12-31 12:29:29,036 INFO sql_controller - insert_into_sensor_table: Insert complete for sensor temperature_sensor
2018-12-31 12:29:30,026 INFO sensors - start_sensor: Current humidity 59.3225594535 in room bathroom.
2018-12-31 12:29:30,026 INFO sql_controller - get_day_id: Try to select days
2018-12-31 12:29:30,026 INFO sql_controller - get_day_id: Select from days done: (20, '2018-12-31')
2018-12-31 12:29:30,026 INFO sql_controller - insert_into_sensor_table: Try to insert value: 59.3225594535 from sensor: humidity_sensor in room: bathroom...
2018-12-31 12:29:30,026 INFO sql_controller - insert_into_sensor_table: Insert complete for sensor humidity_sensor
2018-12-31 12:29:31,036 INFO sensors - start_sensor: Current smoke level 1.17465381599 in room bathroom.
2018-12-31 12:29:31,036 INFO sql_controller - get_day_id: Try to select days
2018-12-31 12:29:31,036 INFO sql_controller - get_day_id: Select from days done: (20, '2018-12-31')
2018-12-31 12:29:31,036 INFO sql_controller - insert_into_sensor_table: Try to insert value: 1.17465381599 from sensor: smoke_sensor in room: bathroom...
2018-12-31 12:29:31,036 INFO sql_controller - insert_into_sensor_table: Insert complete for sensor smoke_sensor
2018-12-31 12:29:59,046 INFO sensors - start_sensor: Current temperature 20.8604241989 in room bathroom.
2018-12-31 12:29:59,046 INFO sql_controller - get_day_id: Try to select days
2018-12-31 12:29:59,046 INFO sql_controller - get_day_id: Select from days done: (20, '2018-12-31')
2018-12-31 12:29:59,046 INFO sql_controller - insert_into_sensor_table: Try to insert value: 20.8604241989 from sensor: temperature_sensor in room: bathroom...
2018-12-31 12:29:59,046 INFO sql_controller - insert_into_sensor_table: Insert complete for sensor temperature_sensor
2018-12-31 12:30:00,032 INFO sensors - start_sensor: Current humidity 67.1424102339 in room bathroom.
2018-12-31 12:30:00,032 INFO sql_controller - get_day_id: Try to select days
2018-12-31 12:30:00,032 INFO sql_controller - get_day_id: Select from days done: (20, '2018-12-31')
2018-12-31 12:30:00,032 INFO sql_controller - insert_into_sensor_table: Try to insert value: 67.1424102339 from sensor: humidity_sensor in room: bathroom...
2018-12-31 12:30:00,036 INFO sql_controller - insert_into_sensor_table: Insert complete for sensor humidity_sensor
2018-12-31 12:30:01,046 INFO sensors - start_sensor: Current smoke level 1.29867611014 in room bathroom.
2018-12-31 12:30:01,046 INFO sql_controller - get_day_id: Try to select days
2018-12-31 12:30:01,046 INFO sql_controller - get_day_id: Select from days done: (20, '2018-12-31')
2018-12-31 12:30:01,046 INFO sql_controller - insert_into_sensor_table: Try to insert value: 1.29867611014 from sensor: smoke_sensor in room: bathroom...
2018-12-31 12:30:01,046 INFO sql_controller - insert_into_sensor_table: Insert complete for sensor smoke_sensor
2018-12-31 12:30:25,956 INFO devices - check_status_start: Bulb Zarowka from room bathroom information: level of consumption: 99.93, power consumption: 4.
2018-12-31 12:30:25,956 INFO sql_controller - get_day_id: Try to select days
2018-12-31 12:30:25,956 INFO sql_controller - get_day_id: Select from days done: (20, '2018-12-31')
2018-12-31 12:30:25,956 INFO sql_controller - insert_into_light_bulb_status: Try to insert values: 99.93, 4 with params: lb_id: 4, d_id: 20.
2018-12-31 12:30:25,956 INFO sql_controller - insert_into_light_bulb_status: Insert complete for lb_id: 4.
2018-12-31 12:30:26,996 INFO devices - check_status_start: Gniazdo1 used 4 power
2018-12-31 12:30:26,996 INFO sql_controller - get_day_id: Try to select days
2018-12-31 12:30:26,996 INFO sql_controller - get_day_id: Select from days done: (20, '2018-12-31')
2018-12-31 12:30:26,996 INFO sql_controller - insert_into_power_consumption: Try to insert value 4 with params: ps_id: 11, d_id: 20.
2018-12-31 12:30:27,000 INFO sql_controller - insert_into_power_consumption: Insert complete for ps_id: 11
2018-12-31 12:30:27,976 INFO devices - check_status_start: Pralka_KEK used 8 water
2018-12-31 12:30:27,976 INFO sql_controller - get_day_id: Try to select days
2018-12-31 12:30:27,976 INFO sql_controller - get_day_id: Select from days done: (20, '2018-12-31')
2018-12-31 12:30:27,976 INFO sql_controller - insert_into_water_consumption: Try to insert value 8 with params: wd_id: 26 d_id: 20...
2018-12-31 12:30:27,976 INFO sql_controller - insert_into_water_consumption: Insert complete for wd_id: 26.
2018-12-31 12:30:29,065 INFO sensors - start_sensor: Current temperature 16.995594296 in room bathroom.
2018-12-31 12:30:29,065 INFO sql_controller - get_day_id: Try to select days
2018-12-31 12:30:29,065 INFO sql_controller - get_day_id: Select from days done: (20, '2018-12-31')
2018-12-31 12:30:29,065 INFO sql_controller - insert_into_sensor_table: Try to insert value: 16.995594296 from sensor: temperature_sensor in room: bathroom...
2018-12-31 12:30:29,065 INFO sql_controller - insert_into_sensor_table: Insert complete for sensor temperature_sensor
2018-12-31 12:30:30,038 INFO sensors - start_sensor: Current humidity 84.0899731397 in room bathroom.
2018-12-31 12:30:30,038 INFO sql_controller - get_day_id: Try to select days
2018-12-31 12:30:30,039 INFO sql_controller - get_day_id: Select from days done: (20, '2018-12-31')
2018-12-31 12:30:30,039 INFO sql_controller - insert_into_sensor_table: Try to insert value: 84.0899731397 from sensor: humidity_sensor in room: bathroom...
2018-12-31 12:30:30,042 INFO sql_controller - insert_into_sensor_table: Insert complete for sensor humidity_sensor
2018-12-31 12:30:31,065 INFO sensors - start_sensor: Current smoke level 1.11423219332 in room bathroom.
2018-12-31 12:30:31,065 INFO sql_controller - get_day_id: Try to select days
2018-12-31 12:30:31,065 INFO sql_controller - get_day_id: Select from days done: (20, '2018-12-31')
2018-12-31 12:30:31,065 INFO sql_controller - insert_into_sensor_table: Try to insert value: 1.11423219332 from sensor: smoke_sensor in room: bathroom...
2018-12-31 12:30:31,065 INFO sql_controller - insert_into_sensor_table: Insert complete for sensor smoke_sensor
2018-12-31 12:30:59,085 INFO sensors - start_sensor: Current temperature 19.6842819223 in room bathroom.
2018-12-31 12:30:59,085 INFO sql_controller - get_day_id: Try to select days
2018-12-31 12:30:59,085 INFO sql_controller - get_day_id: Select from days done: (20, '2018-12-31')
2018-12-31 12:30:59,085 INFO sql_controller - insert_into_sensor_table: Try to insert value: 19.6842819223 from sensor: temperature_sensor in room: bathroom...
2018-12-31 12:30:59,085 INFO sql_controller - insert_into_sensor_table: Insert complete for sensor temperature_sensor
2018-12-31 12:31:00,046 INFO sensors - start_sensor: Current humidity 65.3866503273 in room bathroom.
2018-12-31 12:31:00,046 INFO sql_controller - get_day_id: Try to select days
2018-12-31 12:31:00,046 INFO sql_controller - get_day_id: Select from days done: (20, '2018-12-31')
2018-12-31 12:31:00,046 INFO sql_controller - insert_into_sensor_table: Try to insert value: 65.3866503273 from sensor: humidity_sensor in room: bathroom...
2018-12-31 12:31:00,046 INFO sql_controller - insert_into_sensor_table: Insert complete for sensor humidity_sensor
2018-12-31 12:31:01,075 INFO sensors - start_sensor: Current smoke level 1.06921444978 in room bathroom.
2018-12-31 12:31:01,075 INFO sql_controller - get_day_id: Try to select days
2018-12-31 12:31:01,075 INFO sql_controller - get_day_id: Select from days done: (20, '2018-12-31')
2018-12-31 12:31:01,075 INFO sql_controller - insert_into_sensor_table: Try to insert value: 1.06921444978 from sensor: smoke_sensor in room: bathroom...
2018-12-31 12:31:01,075 INFO sql_controller - insert_into_sensor_table: Insert complete for sensor smoke_sensor
2018-12-31 12:31:25,966 INFO devices - check_status_start: Bulb Zarowka from room bathroom information: level of consumption: 99.92, power consumption: 4.
2018-12-31 12:31:25,966 INFO sql_controller - get_day_id: Try to select days
2018-12-31 12:31:25,966 INFO sql_controller - get_day_id: Select from days done: (20, '2018-12-31')
2018-12-31 12:31:25,966 INFO sql_controller - insert_into_light_bulb_status: Try to insert values: 99.92, 4 with params: lb_id: 4, d_id: 20.
2018-12-31 12:31:25,966 INFO sql_controller - insert_into_light_bulb_status: Insert complete for lb_id: 4.
2018-12-31 12:31:27,002 INFO devices - check_status_start: Gniazdo1 used 7 power
2018-12-31 12:31:27,002 INFO sql_controller - get_day_id: Try to select days
2018-12-31 12:31:27,003 INFO sql_controller - get_day_id: Select from days done: (20, '2018-12-31')
2018-12-31 12:31:27,003 INFO sql_controller - insert_into_power_consumption: Try to insert value 7 with params: ps_id: 11, d_id: 20.
2018-12-31 12:31:27,006 INFO sql_controller - insert_into_power_consumption: Insert complete for ps_id: 11
2018-12-31 12:31:27,986 INFO devices - check_status_start: Pralka_KEK used 9 water
2018-12-31 12:31:27,986 INFO sql_controller - get_day_id: Try to select days
2018-12-31 12:31:27,986 INFO sql_controller - get_day_id: Select from days done: (20, '2018-12-31')
2018-12-31 12:31:27,986 INFO sql_controller - insert_into_water_consumption: Try to insert value 9 with params: wd_id: 26 d_id: 20...
2018-12-31 12:31:27,990 INFO sql_controller - insert_into_water_consumption: Insert complete for wd_id: 26.
2018-12-31 12:31:29,092 INFO sensors - start_sensor: Current temperature 21.8958953508 in room bathroom.
2018-12-31 12:31:29,092 INFO sql_controller - get_day_id: Try to select days
2018-12-31 12:31:29,092 INFO sql_controller - get_day_id: Select from days done: (20, '2018-12-31')
2018-12-31 12:31:29,092 INFO sql_controller - insert_into_sensor_table: Try to insert value: 21.8958953508 from sensor: temperature_sensor in room: bathroom...
2018-12-31 12:31:29,095 INFO sql_controller - insert_into_sensor_table: Insert complete for sensor temperature_sensor
2018-12-31 12:31:30,052 INFO sensors - start_sensor: Current humidity 67.0555158276 in room bathroom.
2018-12-31 12:31:30,052 INFO sql_controller - get_day_id: Try to select days
2018-12-31 12:31:30,052 INFO sql_controller - get_day_id: Select from days done: (20, '2018-12-31')
2018-12-31 12:31:30,053 INFO sql_controller - insert_into_sensor_table: Try to insert value: 67.0555158276 from sensor: humidity_sensor in room: bathroom...
2018-12-31 12:31:30,056 INFO sql_controller - insert_into_sensor_table: Insert complete for sensor humidity_sensor
2018-12-31 12:31:31,095 INFO sensors - start_sensor: Current smoke level 1.05696565654 in room bathroom.
2018-12-31 12:31:31,095 INFO sql_controller - get_day_id: Try to select days
2018-12-31 12:31:31,095 INFO sql_controller - get_day_id: Select from days done: (20, '2018-12-31')
2018-12-31 12:31:31,095 INFO sql_controller - insert_into_sensor_table: Try to insert value: 1.05696565654 from sensor: smoke_sensor in room: bathroom...
2018-12-31 12:31:31,095 INFO sql_controller - insert_into_sensor_table: Insert complete for sensor smoke_sensor
2018-12-31 12:31:59,098 INFO sensors - start_sensor: Current temperature 20.4863970101 in room bathroom.
2018-12-31 12:31:59,099 INFO sql_controller - get_day_id: Try to select days
2018-12-31 12:31:59,114 INFO sql_controller - get_day_id: Select from days done: (20, '2018-12-31')
2018-12-31 12:31:59,115 INFO sql_controller - insert_into_sensor_table: Try to insert value: 20.4863970101 from sensor: temperature_sensor in room: bathroom...
2018-12-31 12:31:59,121 INFO sql_controller - insert_into_sensor_table: Insert complete for sensor temperature_sensor
2018-12-31 12:32:00,059 INFO sensors - start_sensor: Current humidity 67.1587199726 in room bathroom.
2018-12-31 12:32:00,059 INFO sql_controller - get_day_id: Try to select days
2018-12-31 12:32:00,059 INFO sql_controller - get_day_id: Select from days done: (20, '2018-12-31')
2018-12-31 12:32:00,061 INFO sql_controller - insert_into_sensor_table: Try to insert value: 67.1587199726 from sensor: humidity_sensor in room: bathroom...
2018-12-31 12:32:00,063 INFO sql_controller - insert_into_sensor_table: Insert complete for sensor humidity_sensor
2018-12-31 12:32:01,101 INFO sensors - start_sensor: Current smoke level 1.14594038966 in room bathroom.
2018-12-31 12:32:01,101 INFO sql_controller - get_day_id: Try to select days
2018-12-31 12:32:01,102 INFO sql_controller - get_day_id: Select from days done: (20, '2018-12-31')
2018-12-31 12:32:01,102 INFO sql_controller - insert_into_sensor_table: Try to insert value: 1.14594038966 from sensor: smoke_sensor in room: bathroom...
2018-12-31 12:32:01,105 INFO sql_controller - insert_into_sensor_table: Insert complete for sensor smoke_sensor
2018-12-31 12:32:25,970 INFO devices - check_status_start: Bulb Zarowka from room bathroom information: level of consumption: 99.91, power consumption: 6.
2018-12-31 12:32:25,970 INFO sql_controller - get_day_id: Try to select days
2018-12-31 12:32:25,971 INFO sql_controller - get_day_id: Select from days done: (20, '2018-12-31')
2018-12-31 12:32:25,971 INFO sql_controller - insert_into_light_bulb_status: Try to insert values: 99.91, 6 with params: lb_id: 4, d_id: 20.
2018-12-31 12:32:25,976 INFO sql_controller - insert_into_light_bulb_status: Insert complete for lb_id: 4.
2018-12-31 12:32:27,007 INFO devices - check_status_start: Gniazdo1 used 7 power
2018-12-31 12:32:27,007 INFO sql_controller - get_day_id: Try to select days
2018-12-31 12:32:27,009 INFO sql_controller - get_day_id: Select from days done: (20, '2018-12-31')
2018-12-31 12:32:27,009 INFO sql_controller - insert_into_power_consumption: Try to insert value 7 with params: ps_id: 11, d_id: 20.
2018-12-31 12:32:27,013 INFO sql_controller - insert_into_power_consumption: Insert complete for ps_id: 11
2018-12-31 12:32:27,992 INFO devices - check_status_start: Pralka_KEK used 7 water
2018-12-31 12:32:27,992 INFO sql_controller - get_day_id: Try to select days
2018-12-31 12:32:27,993 INFO sql_controller - get_day_id: Select from days done: (20, '2018-12-31')
2018-12-31 12:32:27,993 INFO sql_controller - insert_into_water_consumption: Try to insert value 7 with params: wd_id: 26 d_id: 20...
2018-12-31 12:32:27,996 INFO sql_controller - insert_into_water_consumption: Insert complete for wd_id: 26.
2018-12-31 12:32:29,121 INFO sensors - start_sensor: Current temperature 21.4195673288 in room bathroom.
2018-12-31 12:32:29,121 INFO sql_controller - get_day_id: Try to select days
2018-12-31 12:32:29,124 INFO sql_controller - get_day_id: Select from days done: (20, '2018-12-31')
2018-12-31 12:32:29,125 INFO sql_controller - insert_into_sensor_table: Try to insert value: 21.4195673288 from sensor: temperature_sensor in room: bathroom...
2018-12-31 12:32:29,131 INFO sql_controller - insert_into_sensor_table: Insert complete for sensor temperature_sensor
2018-12-31 12:32:30,065 INFO sensors - start_sensor: Current humidity 66.6795085502 in room bathroom.
2018-12-31 12:32:30,065 INFO sql_controller - get_day_id: Try to select days
2018-12-31 12:32:30,078 INFO sql_controller - get_day_id: Select from days done: (20, '2018-12-31')
2018-12-31 12:32:30,084 INFO sql_controller - insert_into_sensor_table: Try to insert value: 66.6795085502 from sensor: humidity_sensor in room: bathroom...
2018-12-31 12:32:30,091 INFO sql_controller - insert_into_sensor_table: Insert complete for sensor humidity_sensor
2018-12-31 12:32:31,108 INFO sensors - start_sensor: Current smoke level 1.20097553547 in room bathroom.
2018-12-31 12:32:31,108 INFO sql_controller - get_day_id: Try to select days
2018-12-31 12:32:31,108 INFO sql_controller - get_day_id: Select from days done: (20, '2018-12-31')
2018-12-31 12:32:31,108 INFO sql_controller - insert_into_sensor_table: Try to insert value: 1.20097553547 from sensor: smoke_sensor in room: bathroom...
2018-12-31 12:32:31,111 INFO sql_controller - insert_into_sensor_table: Insert complete for sensor smoke_sensor
2018-12-31 12:32:59,145 INFO sensors - start_sensor: Current temperature 25.5083443529 in room bathroom.
2018-12-31 12:32:59,145 INFO sql_controller - get_day_id: Try to select days
2018-12-31 12:32:59,145 INFO sql_controller - get_day_id: Select from days done: (20, '2018-12-31')
2018-12-31 12:32:59,145 INFO sql_controller - insert_into_sensor_table: Try to insert value: 25.5083443529 from sensor: temperature_sensor in room: bathroom...
2018-12-31 12:32:59,151 INFO sql_controller - insert_into_sensor_table: Insert complete for sensor temperature_sensor
2018-12-31 12:33:00,092 INFO sensors - start_sensor: Current humidity 74.6194628874 in room bathroom.
2018-12-31 12:33:00,092 INFO sql_controller - get_day_id: Try to select days
2018-12-31 12:33:00,092 INFO sql_controller - get_day_id: Select from days done: (20, '2018-12-31')
2018-12-31 12:33:00,094 INFO sql_controller - insert_into_sensor_table: Try to insert value: 74.6194628874 from sensor: humidity_sensor in room: bathroom...
2018-12-31 12:33:00,098 INFO sql_controller - insert_into_sensor_table: Insert complete for sensor humidity_sensor
2018-12-31 12:33:01,125 INFO sensors - start_sensor: Current smoke level 1.16460679267 in room bathroom.
2018-12-31 12:33:01,125 INFO sql_controller - get_day_id: Try to select days
2018-12-31 12:33:01,125 INFO sql_controller - get_day_id: Select from days done: (20, '2018-12-31')
2018-12-31 12:33:01,125 INFO sql_controller - insert_into_sensor_table: Try to insert value: 1.16460679267 from sensor: smoke_sensor in room: bathroom...
2018-12-31 12:33:01,125 INFO sql_controller - insert_into_sensor_table: Insert complete for sensor smoke_sensor
2018-12-31 12:33:25,977 INFO devices - check_status_start: Bulb Zarowka from room bathroom information: level of consumption: 99.9, power consumption: 3.
2018-12-31 12:33:25,977 INFO sql_controller - get_day_id: Try to select days
2018-12-31 12:33:25,979 INFO sql_controller - get_day_id: Select from days done: (20, '2018-12-31')
2018-12-31 12:33:25,979 INFO sql_controller - insert_into_light_bulb_status: Try to insert values: 99.9, 3 with params: lb_id: 4, d_id: 20.
2018-12-31 12:33:25,983 INFO sql_controller - insert_into_light_bulb_status: Insert complete for lb_id: 4.
2018-12-31 12:33:27,013 INFO devices - check_status_start: Gniazdo1 used 5 power
2018-12-31 12:33:27,013 INFO sql_controller - get_day_id: Try to select days
2018-12-31 12:33:27,015 INFO sql_controller - get_day_id: Select from days done: (20, '2018-12-31')
2018-12-31 12:33:27,016 INFO sql_controller - insert_into_power_consumption: Try to insert value 5 with params: ps_id: 11, d_id: 20.
2018-12-31 12:33:27,023 INFO sql_controller - insert_into_power_consumption: Insert complete for ps_id: 11
2018-12-31 12:33:27,999 INFO devices - check_status_start: Pralka_KEK used 5 water
2018-12-31 12:33:27,999 INFO sql_controller - get_day_id: Try to select days
2018-12-31 12:33:28,000 INFO sql_controller - get_day_id: Select from days done: (20, '2018-12-31')
2018-12-31 12:33:28,000 INFO sql_controller - insert_into_water_consumption: Try to insert value 5 with params: wd_id: 26 d_id: 20...
2018-12-31 12:33:28,003 INFO sql_controller - insert_into_water_consumption: Insert complete for wd_id: 26.
2018-12-31 12:33:29,151 INFO sensors - start_sensor: Current temperature 19.3335454312 in room bathroom.
2018-12-31 12:33:29,151 INFO sql_controller - get_day_id: Try to select days
2018-12-31 12:33:29,153 INFO sql_controller - get_day_id: Select from days done: (20, '2018-12-31')
2018-12-31 12:33:29,154 INFO sql_controller - insert_into_sensor_table: Try to insert value: 19.3335454312 from sensor: temperature_sensor in room: bathroom...
2018-12-31 12:33:29,157 INFO sql_controller - insert_into_sensor_table: Insert complete for sensor temperature_sensor
2018-12-31 12:33:30,098 INFO sensors - start_sensor: Current humidity 70.6440842047 in room bathroom.
2018-12-31 12:33:30,098 INFO sql_controller - get_day_id: Try to select days
2018-12-31 12:33:30,099 INFO sql_controller - get_day_id: Select from days done: (20, '2018-12-31')
2018-12-31 12:33:30,099 INFO sql_controller - insert_into_sensor_table: Try to insert value: 70.6440842047 from sensor: humidity_sensor in room: bathroom...
2018-12-31 12:33:30,105 INFO sql_controller - insert_into_sensor_table: Insert complete for sensor humidity_sensor
2018-12-31 12:33:31,131 INFO sensors - start_sensor: Current smoke level 0.952483876026 in room bathroom.
2018-12-31 12:33:31,131 INFO sql_controller - get_day_id: Try to select days
2018-12-31 12:33:31,132 INFO sql_controller - get_day_id: Select from days done: (20, '2018-12-31')
2018-12-31 12:33:31,132 INFO sql_controller - insert_into_sensor_table: Try to insert value: 0.952483876026 from sensor: smoke_sensor in room: bathroom...
2018-12-31 12:33:31,137 INFO sql_controller - insert_into_sensor_table: Insert complete for sensor smoke_sensor
2018-12-31 12:33:59,158 INFO sensors - start_sensor: Current temperature 14.3092699908 in room bathroom.
2018-12-31 12:33:59,158 INFO sql_controller - get_day_id: Try to select days
2018-12-31 12:33:59,160 INFO sql_controller - get_day_id: Select from days done: (20, '2018-12-31')
2018-12-31 12:33:59,160 INFO sql_controller - insert_into_sensor_table: Try to insert value: 14.3092699908 from sensor: temperature_sensor in room: bathroom...
2018-12-31 12:33:59,164 INFO sql_controller - insert_into_sensor_table: Insert complete for sensor temperature_sensor
2018-12-31 12:34:00,107 INFO sensors - start_sensor: Current humidity 54.2029453937 in room bathroom.
2018-12-31 12:34:00,107 INFO sql_controller - get_day_id: Try to select days
2018-12-31 12:34:00,108 INFO sql_controller - get_day_id: Select from days done: (20, '2018-12-31')
2018-12-31 12:34:00,108 INFO sql_controller - insert_into_sensor_table: Try to insert value: 54.2029453937 from sensor: humidity_sensor in room: bathroom...
2018-12-31 12:34:00,112 INFO sql_controller - insert_into_sensor_table: Insert complete for sensor humidity_sensor
2018-12-31 12:34:01,144 INFO sensors - start_sensor: Current smoke level 0.952090730895 in room bathroom.
2018-12-31 12:34:01,144 INFO sql_controller - get_day_id: Try to select days
2018-12-31 12:34:01,148 INFO sql_controller - get_day_id: Select from days done: (20, '2018-12-31')
2018-12-31 12:34:01,148 INFO sql_controller - insert_into_sensor_table: Try to insert value: 0.952090730895 from sensor: smoke_sensor in room: bathroom...
2018-12-31 12:34:01,151 INFO sql_controller - insert_into_sensor_table: Insert complete for sensor smoke_sensor
2018-12-31 12:34:25,986 INFO devices - check_status_start: Bulb Zarowka from room bathroom information: level of consumption: 99.89, power consumption: 5.
2018-12-31 12:34:25,986 INFO sql_controller - get_day_id: Try to select days
2018-12-31 12:34:25,986 INFO sql_controller - get_day_id: Select from days done: (20, '2018-12-31')
2018-12-31 12:34:25,986 INFO sql_controller - insert_into_light_bulb_status: Try to insert values: 99.89, 5 with params: lb_id: 4, d_id: 20.
2018-12-31 12:34:25,992 INFO sql_controller - insert_into_light_bulb_status: Insert complete for lb_id: 4.
2018-12-31 12:34:27,025 INFO devices - check_status_start: Gniazdo1 used 6 power
2018-12-31 12:34:27,025 INFO sql_controller - get_day_id: Try to select days
2018-12-31 12:34:27,026 INFO sql_controller - get_day_id: Select from days done: (20, '2018-12-31')
2018-12-31 12:34:27,026 INFO sql_controller - insert_into_power_consumption: Try to insert value 6 with params: ps_id: 11, d_id: 20.
2018-12-31 12:34:27,026 INFO sql_controller - insert_into_power_consumption: Insert complete for ps_id: 11
2018-12-31 12:34:28,006 INFO devices - check_status_start: Pralka_KEK used 7 water
2018-12-31 12:34:28,006 INFO sql_controller - get_day_id: Try to select days
2018-12-31 12:34:28,007 INFO sql_controller - get_day_id: Select from days done: (20, '2018-12-31')
2018-12-31 12:34:28,007 INFO sql_controller - insert_into_water_consumption: Try to insert value 7 with params: wd_id: 26 d_id: 20...
2018-12-31 12:34:28,007 INFO sql_controller - insert_into_water_consumption: Insert complete for wd_id: 26.
2018-12-31 12:34:29,165 INFO sensors - start_sensor: Current temperature 18.7263934394 in room bathroom.
2018-12-31 12:34:29,165 INFO sql_controller - get_day_id: Try to select days
2018-12-31 12:34:29,167 INFO sql_controller - get_day_id: Select from days done: (20, '2018-12-31')
2018-12-31 12:34:29,167 INFO sql_controller - insert_into_sensor_table: Try to insert value: 18.7263934394 from sensor: temperature_sensor in room: bathroom...
2018-12-31 12:34:29,171 INFO sql_controller - insert_into_sensor_table: Insert complete for sensor temperature_sensor
2018-12-31 12:34:30,115 INFO sensors - start_sensor: Current humidity 70.3827001227 in room bathroom.
2018-12-31 12:34:30,115 INFO sql_controller - get_day_id: Try to select days
2018-12-31 12:34:30,118 INFO sql_controller - get_day_id: Select from days done: (20, '2018-12-31')
2018-12-31 12:34:30,118 INFO sql_controller - insert_into_sensor_table: Try to insert value: 70.3827001227 from sensor: humidity_sensor in room: bathroom...
2018-12-31 12:34:30,121 INFO sql_controller - insert_into_sensor_table: Insert complete for sensor humidity_sensor
2018-12-31 12:34:31,153 INFO sensors - start_sensor: Current smoke level 0.721377355801 in room bathroom.
2018-12-31 12:34:31,153 INFO sql_controller - get_day_id: Try to select days
2018-12-31 12:34:31,154 INFO sql_controller - get_day_id: Select from days done: (20, '2018-12-31')
2018-12-31 12:34:31,154 INFO sql_controller - insert_into_sensor_table: Try to insert value: 0.721377355801 from sensor: smoke_sensor in room: bathroom...
2018-12-31 12:34:31,157 INFO sql_controller - insert_into_sensor_table: Insert complete for sensor smoke_sensor
2018-12-31 12:34:31,956 WARNING home_controller - stop_devises: Stopping all devices.
2018-12-31 12:34:59,173 INFO sensors - start_sensor: Current temperature 19.8531895095 in room bathroom.
2018-12-31 12:34:59,173 INFO sql_controller - get_day_id: Try to select days
2018-12-31 12:34:59,174 INFO sql_controller - get_day_id: Select from days done: (20, '2018-12-31')
2018-12-31 12:34:59,174 INFO sql_controller - insert_into_sensor_table: Try to insert value: 19.8531895095 from sensor: temperature_sensor in room: bathroom...
2018-12-31 12:34:59,180 INFO sql_controller - insert_into_sensor_table: Insert complete for sensor temperature_sensor
2018-12-31 12:35:00,134 INFO sensors - start_sensor: Current humidity 59.1874801452 in room bathroom.
2018-12-31 12:35:00,134 INFO sql_controller - get_day_id: Try to select days
2018-12-31 12:35:00,135 INFO sql_controller - get_day_id: Select from days done: (20, '2018-12-31')
2018-12-31 12:35:00,135 INFO sql_controller - insert_into_sensor_table: Try to insert value: 59.1874801452 from sensor: humidity_sensor in room: bathroom...
2018-12-31 12:35:00,141 INFO sql_controller - insert_into_sensor_table: Insert complete for sensor humidity_sensor
2018-12-31 12:35:01,158 INFO sensors - start_sensor: Current smoke level 1.3228792993 in room bathroom.
2018-12-31 12:35:01,158 INFO sql_controller - get_day_id: Try to select days
2018-12-31 12:35:01,160 INFO sql_controller - get_day_id: Select from days done: (20, '2018-12-31')
2018-12-31 12:35:01,161 INFO sql_controller - insert_into_sensor_table: Try to insert value: 1.3228792993 from sensor: smoke_sensor in room: bathroom...
2018-12-31 12:35:01,167 INFO sql_controller - insert_into_sensor_table: Insert complete for sensor smoke_sensor
2018-12-31 12:35:28,013 WARNING home_controller - stop_sensors: Stopping all sensors.
2018-12-31 12:35:31,168 WARNING home_controller - stop_day: Stop day.
2018-12-31 12:36:20,907 INFO connection - disconnect_from_db: Disconnect from DB
