2019-01-13 17:45:47,334 INFO web_controller - <module>: Web server start...
2019-01-13 17:45:47,334 INFO sql_controller - __init__: Created psql controller.
2019-01-13 17:45:47,334 INFO connection - connect_to_db: Connecting to the PostgreSQL database...
2019-01-13 17:45:48,384 INFO connection - connect_to_db: PostgreSQL database version:
2019-01-13 17:45:48,384 INFO connection - connect_to_db: ('PostgreSQL 10.6 (Ubuntu 10.6-0ubuntu0.18.04.1) on x86_64-pc-linux-gnu, compiled by gcc (Ubuntu 7.3.0-16ubuntu3) 7.3.0, 64-bit',)
2019-01-13 17:45:48,404 INFO _internal - _log:  * Running on http://0.0.0.0:5000/ (Press CTRL+C to quit)
2019-01-13 17:45:52,058 INFO _internal - _log: 127.0.0.1 - - [13/Jan/2019 17:45:52] "GET / HTTP/1.1" 200 -
2019-01-13 17:45:54,076 INFO sql_controller - get_day_id: Try to select days
2019-01-13 17:45:54,078 INFO sql_controller - get_day_id: Select from days done: (1, '2019-01-13')
2019-01-13 17:45:54,079 INFO sql_controller - get_temperature: Getting data from temperature...
2019-01-13 17:45:54,081 INFO sql_controller - get_day_id: Try to select days
2019-01-13 17:45:54,082 INFO sql_controller - get_day_id: Select from days done: (1, '2019-01-13')
2019-01-13 17:45:54,082 INFO sql_controller - get_humidity: Getting data from humidity...
2019-01-13 17:45:54,084 INFO sql_controller - get_day_id: Try to select days
2019-01-13 17:45:54,086 INFO sql_controller - get_day_id: Select from days done: (1, '2019-01-13')
2019-01-13 17:45:54,088 INFO sql_controller - get_smoke: Getting data from smoke...
2019-01-13 17:45:54,089 INFO sql_controller - get_all_bulbs_from_room: Getting all light bulbs from room kitchen...
2019-01-13 17:45:54,092 INFO sql_controller - get_power_sockets_from_room: Getting all power sockets from room kitchen
2019-01-13 17:45:54,095 INFO sql_controller - get_day_id: Try to select days
2019-01-13 17:45:54,095 INFO sql_controller - get_day_id: Select from days done: (1, '2019-01-13')
2019-01-13 17:45:54,095 INFO sql_controller - get_power_sockets_status: Getting power socket 2 consumption...
2019-01-13 17:45:54,117 INFO _internal - _log: 127.0.0.1 - - [13/Jan/2019 17:45:54] "GET /kitchen HTTP/1.1" 200 -
2019-01-13 17:45:57,755 INFO sql_controller - get_day_id: Try to select days
2019-01-13 17:45:57,756 INFO sql_controller - get_day_id: Select from days done: (1, '2019-01-13')
2019-01-13 17:45:57,756 INFO sql_controller - get_temperature: Getting data from temperature...
2019-01-13 17:45:57,757 INFO sql_controller - get_day_id: Try to select days
2019-01-13 17:45:57,757 INFO sql_controller - get_day_id: Select from days done: (1, '2019-01-13')
2019-01-13 17:45:57,759 INFO sql_controller - get_humidity: Getting data from humidity...
2019-01-13 17:45:57,759 INFO sql_controller - get_day_id: Try to select days
2019-01-13 17:45:57,759 INFO sql_controller - get_day_id: Select from days done: (1, '2019-01-13')
2019-01-13 17:45:57,759 INFO sql_controller - get_smoke: Getting data from smoke...
2019-01-13 17:45:57,760 INFO sql_controller - get_all_bulbs_from_room: Getting all light bulbs from room bedroom...
2019-01-13 17:45:57,762 INFO sql_controller - get_power_sockets_from_room: Getting all power sockets from room bedroom
2019-01-13 17:45:57,763 INFO sql_controller - get_day_id: Try to select days
2019-01-13 17:45:57,763 INFO sql_controller - get_day_id: Select from days done: (1, '2019-01-13')
2019-01-13 17:45:57,765 INFO sql_controller - get_power_sockets_status: Getting power socket 4 consumption...
2019-01-13 17:45:57,767 INFO _internal - _log: 127.0.0.1 - - [13/Jan/2019 17:45:57] "GET /bedroom HTTP/1.1" 200 -
2019-01-13 17:46:00,936 INFO sql_controller - get_day_id: Try to select days
2019-01-13 17:46:00,937 INFO sql_controller - get_day_id: Select from days done: (1, '2019-01-13')
2019-01-13 17:46:00,938 INFO sql_controller - get_temperature: Getting data from temperature...
2019-01-13 17:46:00,941 INFO sql_controller - get_day_id: Try to select days
2019-01-13 17:46:00,943 INFO sql_controller - get_day_id: Select from days done: (1, '2019-01-13')
2019-01-13 17:46:00,943 INFO sql_controller - get_humidity: Getting data from humidity...
2019-01-13 17:46:00,944 INFO sql_controller - get_day_id: Try to select days
2019-01-13 17:46:00,944 INFO sql_controller - get_day_id: Select from days done: (1, '2019-01-13')
2019-01-13 17:46:00,946 INFO sql_controller - get_smoke: Getting data from smoke...
2019-01-13 17:46:00,947 INFO sql_controller - get_all_bulbs_from_room: Getting all light bulbs from room bathroom...
2019-01-13 17:46:00,947 INFO sql_controller - get_day_id: Try to select days
2019-01-13 17:46:00,948 INFO sql_controller - get_day_id: Select from days done: (1, '2019-01-13')
2019-01-13 17:46:00,948 INFO sql_controller - get_light_bulb_status: Getting light bulb 1 status 
2019-01-13 17:46:00,951 INFO sql_controller - get_day_id: Try to select days
2019-01-13 17:46:00,953 INFO sql_controller - get_day_id: Select from days done: (1, '2019-01-13')
2019-01-13 17:46:00,953 INFO sql_controller - get_light_bulb_status: Getting light bulb 2 status 
2019-01-13 17:46:00,953 INFO sql_controller - get_day_id: Try to select days
2019-01-13 17:46:00,954 INFO sql_controller - get_day_id: Select from days done: (1, '2019-01-13')
2019-01-13 17:46:00,954 INFO sql_controller - get_light_bulb_status: Getting light bulb 3 status 
2019-01-13 17:46:00,956 INFO sql_controller - get_day_id: Try to select days
2019-01-13 17:46:00,957 INFO sql_controller - get_day_id: Select from days done: (1, '2019-01-13')
2019-01-13 17:46:00,957 INFO sql_controller - get_light_bulb_status: Getting light bulb 4 status 
2019-01-13 17:46:00,957 INFO sql_controller - get_day_id: Try to select days
2019-01-13 17:46:00,959 INFO sql_controller - get_day_id: Select from days done: (1, '2019-01-13')
2019-01-13 17:46:00,959 INFO sql_controller - get_light_bulb_status: Getting light bulb 5 status 
2019-01-13 17:46:00,960 INFO sql_controller - get_power_sockets_from_room: Getting all power sockets from room bathroom
2019-01-13 17:46:00,960 INFO sql_controller - get_day_id: Try to select days
2019-01-13 17:46:00,960 INFO sql_controller - get_day_id: Select from days done: (1, '2019-01-13')
2019-01-13 17:46:00,960 INFO sql_controller - get_power_sockets_status: Getting power socket 1 consumption...
2019-01-13 17:46:00,963 INFO _internal - _log: 127.0.0.1 - - [13/Jan/2019 17:46:00] "GET /bathroom HTTP/1.1" 200 -
2019-01-13 17:46:04,078 INFO sql_controller - get_day_id: Try to select days
2019-01-13 17:46:04,079 INFO sql_controller - get_day_id: Select from days done: (1, '2019-01-13')
2019-01-13 17:46:04,081 INFO sql_controller - get_temperature: Getting data from temperature...
2019-01-13 17:46:04,082 INFO sql_controller - get_day_id: Try to select days
2019-01-13 17:46:04,084 INFO sql_controller - get_day_id: Select from days done: (1, '2019-01-13')
2019-01-13 17:46:04,085 INFO sql_controller - get_humidity: Getting data from humidity...
2019-01-13 17:46:04,085 INFO sql_controller - get_day_id: Try to select days
2019-01-13 17:46:04,086 INFO sql_controller - get_day_id: Select from days done: (1, '2019-01-13')
2019-01-13 17:46:04,088 INFO sql_controller - get_smoke: Getting data from smoke...
2019-01-13 17:46:04,088 INFO sql_controller - get_all_bulbs_from_room: Getting all light bulbs from room corridor...
2019-01-13 17:46:04,092 INFO sql_controller - get_power_sockets_from_room: Getting all power sockets from room corridor
2019-01-13 17:46:04,094 INFO sql_controller - get_day_id: Try to select days
2019-01-13 17:46:04,094 INFO sql_controller - get_day_id: Select from days done: (1, '2019-01-13')
2019-01-13 17:46:04,095 INFO sql_controller - get_power_sockets_status: Getting power socket 5 consumption...
2019-01-13 17:46:04,098 INFO _internal - _log: 127.0.0.1 - - [13/Jan/2019 17:46:04] "GET /corridor HTTP/1.1" 200 -
